<?xml version="1.0" encoding="UTF-8"?>
<!-- Generated by org.testng.reporters.JUnitReportReporter -->
<testsuite hostname="LAPTOP-ISGVL4DQ" failures="0" tests="1" name="TestRunner.CucumberTestRunner" time="3.822" errors="0" timestamp="2024-04-30T18:41:26 CDT" skipped="0">
  <testcase classname="TestRunner.CucumberTestRunner" name="runScenario" time="3.822"/>
</testsuite> <!-- TestRunner.CucumberTestRunner -->
