<?xml version="1.0" encoding="UTF-8"?>
<!-- Generated by org.testng.reporters.JUnitReportReporter -->
<testsuite hostname="LAPTOP-ISGVL4DQ" failures="0" tests="3" name="TestRunner.CucumberTestRunnerForTags" time="0.102" errors="0" timestamp="2024-04-28T23:44:11 CDT" skipped="0">
  <testcase classname="TestRunner.CucumberTestRunnerForTags" name="runScenario" time="0.087"/>
  <testcase classname="TestRunner.CucumberTestRunnerForTags" name="runScenario" time="0.008"/>
  <testcase classname="TestRunner.CucumberTestRunnerForTags" name="runScenario" time="0.007"/>
</testsuite> <!-- TestRunner.CucumberTestRunnerForTags -->
